0 info it worked if it ends with ok
1 verbose cli [ '/Users/katrynmcintosh/.nvm/versions/node/v6.5.0/bin/node',
1 verbose cli   '/Users/katrynmcintosh/.nvm/versions/node/v6.5.0/bin/npm',
1 verbose cli   'run',
1 verbose cli   'build' ]
2 info using npm@3.10.6
3 info using node@v6.5.0
4 verbose run-script [ 'prebuild', 'build', 'postbuild' ]
5 info lifecycle katryn_mcintosh@1.0.0~prebuild: katryn_mcintosh@1.0.0
6 silly lifecycle katryn_mcintosh@1.0.0~prebuild: no script for prebuild, continuing
7 info lifecycle katryn_mcintosh@1.0.0~build: katryn_mcintosh@1.0.0
8 verbose lifecycle katryn_mcintosh@1.0.0~build: unsafe-perm in lifecycle true
9 verbose lifecycle katryn_mcintosh@1.0.0~build: PATH: /Users/katrynmcintosh/.nvm/versions/node/v6.5.0/lib/node_modules/npm/bin/node-gyp-bin:/Users/katrynmcintosh/katryn/new-site/node_modules/.bin:/Users/katrynmcintosh/.nvm/versions/node/v6.5.0/bin:/Users/katrynmcintosh/.yarn/bin:/usr/local/heroku/bin:/Users/katrynmcintosh/.rbenv/shims:/Users/katrynmcintosh/upserve/bin:/Users/katrynmcintosh/.rbenv/bin:/Users/katrynmcintosh/bin:/usr/local/bin:/usr/bin:/bin:/usr/sbin:/sbin
10 verbose lifecycle katryn_mcintosh@1.0.0~build: CWD: /Users/katrynmcintosh/katryn/new-site
11 silly lifecycle katryn_mcintosh@1.0.0~build: Args: [ '-c',
11 silly lifecycle   'NODE_ENV=production webpack --config ./webpack.production.config.js --progress --colors' ]
12 silly lifecycle katryn_mcintosh@1.0.0~build: Returned: code: 1  signal: null
13 info lifecycle katryn_mcintosh@1.0.0~build: Failed to exec build script
14 verbose stack Error: katryn_mcintosh@1.0.0 build: `NODE_ENV=production webpack --config ./webpack.production.config.js --progress --colors`
14 verbose stack Exit status 1
14 verbose stack     at EventEmitter.<anonymous> (/Users/katrynmcintosh/.nvm/versions/node/v6.5.0/lib/node_modules/npm/lib/utils/lifecycle.js:255:16)
14 verbose stack     at emitTwo (events.js:106:13)
14 verbose stack     at EventEmitter.emit (events.js:191:7)
14 verbose stack     at ChildProcess.<anonymous> (/Users/katrynmcintosh/.nvm/versions/node/v6.5.0/lib/node_modules/npm/lib/utils/spawn.js:40:14)
14 verbose stack     at emitTwo (events.js:106:13)
14 verbose stack     at ChildProcess.emit (events.js:191:7)
14 verbose stack     at maybeClose (internal/child_process.js:877:16)
14 verbose stack     at Process.ChildProcess._handle.onexit (internal/child_process.js:226:5)
15 verbose pkgid katryn_mcintosh@1.0.0
16 verbose cwd /Users/katrynmcintosh/katryn/new-site
17 error Darwin 15.6.0
18 error argv "/Users/katrynmcintosh/.nvm/versions/node/v6.5.0/bin/node" "/Users/katrynmcintosh/.nvm/versions/node/v6.5.0/bin/npm" "run" "build"
19 error node v6.5.0
20 error npm  v3.10.6
21 error code ELIFECYCLE
22 error katryn_mcintosh@1.0.0 build: `NODE_ENV=production webpack --config ./webpack.production.config.js --progress --colors`
22 error Exit status 1
23 error Failed at the katryn_mcintosh@1.0.0 build script 'NODE_ENV=production webpack --config ./webpack.production.config.js --progress --colors'.
23 error Make sure you have the latest version of node.js and npm installed.
23 error If you do, this is most likely a problem with the katryn_mcintosh package,
23 error not with npm itself.
23 error Tell the author that this fails on your system:
23 error     NODE_ENV=production webpack --config ./webpack.production.config.js --progress --colors
23 error You can get information on how to open an issue for this project with:
23 error     npm bugs katryn_mcintosh
23 error Or if that isn't available, you can get their info via:
23 error     npm owner ls katryn_mcintosh
23 error There is likely additional logging output above.
24 verbose exit [ 1, true ]
